2013-09-30 09:15:39[INFO] [com.gaduo.zk.view_model.xds_b.DocumentConsumerVM.SelectQueryType(DocumentConsumerVM.java:136)] : FindFolders
2013-09-30 09:16:20[INFO] [com.gaduo.zk.view_model.xds_b.DocumentConsumerVM.SelectQueryType(DocumentConsumerVM.java:136)] : FindDocuments
2013-09-30 09:16:24[INFO] [com.gaduo.zk.view_model.xds_b.DocumentConsumerVM.SelectQueryType(DocumentConsumerVM.java:136)] : FindFolders
2013-09-30 09:16:45[INFO] [com.gaduo.zk.view_model.xds_b.DocumentConsumerVM.SelectQueryType(DocumentConsumerVM.java:136)] : FindSubmissionSets
2013-09-30 09:17:41[INFO] [com.gaduo.zk.view_model.xds_b.DocumentConsumerVM.SelectQueryType(DocumentConsumerVM.java:136)] : FindFolders
2013-09-30 09:17:45[INFO] [com.gaduo.zk.view_model.xds_b.DocumentConsumerVM.SelectQueryType(DocumentConsumerVM.java:136)] : FindSubmissionSets
2013-09-30 09:18:14[INFO] [com.gaduo.zk.view_model.xds_b.DocumentConsumerVM.SelectQueryType(DocumentConsumerVM.java:136)] : GetDocuments
2013-09-30 09:18:17[INFO] [com.gaduo.zk.view_model.xds_b.DocumentConsumerVM.SelectQueryType(DocumentConsumerVM.java:136)] : GetAll
2013-09-30 09:18:31[INFO] [com.gaduo.zk.view_model.xds_b.DocumentConsumerVM.SelectQueryType(DocumentConsumerVM.java:136)] : FindSubmissionSets
2013-09-30 09:19:40[INFO] [com.gaduo.zk.view_model.xds_b.DocumentConsumerVM.SelectQueryType(DocumentConsumerVM.java:136)] : GetAll
2013-09-30 09:20:07[INFO] [com.gaduo.zk.view_model.xds_b.DocumentConsumerVM.SelectQueryType(DocumentConsumerVM.java:136)] : GetDocuments
2013-09-30 09:20:11[INFO] [com.gaduo.zk.view_model.xds_b.DocumentConsumerVM.SelectQueryType(DocumentConsumerVM.java:136)] : GetAll
2013-09-30 09:21:05[INFO] [com.gaduo.zk.view_model.xds_b.DocumentConsumerVM.SelectQueryType(DocumentConsumerVM.java:136)] : GetDocumentsAndAssociations
2013-09-30 09:21:11[INFO] [com.gaduo.zk.view_model.xds_b.DocumentConsumerVM.SelectQueryType(DocumentConsumerVM.java:136)] : GetAll
2013-09-30 09:22:39[INFO] [com.gaduo.zk.view_model.xds_b.DocumentConsumerVM.SelectQueryType(DocumentConsumerVM.java:136)] : GetDocuments
2013-09-30 09:22:41[INFO] [com.gaduo.zk.view_model.xds_b.DocumentConsumerVM.SelectQueryType(DocumentConsumerVM.java:136)] : GetAll
2013-09-30 09:23:13[INFO] [com.gaduo.zk.view_model.xds_b.DocumentConsumerVM.SelectQueryType(DocumentConsumerVM.java:136)] : FindSubmissionSets
2013-09-30 09:23:17[INFO] [com.gaduo.zk.view_model.xds_b.DocumentConsumerVM.SelectQueryType(DocumentConsumerVM.java:136)] : FindFolders
2013-09-30 09:23:21[INFO] [com.gaduo.zk.view_model.xds_b.DocumentConsumerVM.SelectQueryType(DocumentConsumerVM.java:136)] : FindDocuments
2013-09-30 09:23:27[INFO] [com.gaduo.zk.view_model.xds_b.DocumentConsumerVM.SelectQueryType(DocumentConsumerVM.java:136)] : GetDocuments
2013-09-30 09:24:27[INFO] [com.gaduo.zk.view_model.xds_b.DocumentConsumerVM.SelectQueryType(DocumentConsumerVM.java:136)] : GetDocumentsAndAssociations
2013-09-30 09:25:04[INFO] [com.gaduo.zk.view_model.xds_b.DocumentConsumerVM.SelectQueryType(DocumentConsumerVM.java:136)] : GetDocuments
2013-09-30 09:25:07[INFO] [com.gaduo.zk.view_model.xds_b.DocumentConsumerVM.SelectQueryType(DocumentConsumerVM.java:136)] : GetDocumentsAndAssociations
2013-09-30 09:25:11[INFO] [com.gaduo.zk.view_model.xds_b.DocumentConsumerVM.SelectQueryType(DocumentConsumerVM.java:136)] : GetFolders
2013-09-30 09:25:46[INFO] [com.gaduo.zk.view_model.xds_b.DocumentConsumerVM.SelectQueryType(DocumentConsumerVM.java:136)] : GetFolderAndContents
2013-09-30 09:27:03[INFO] [com.gaduo.zk.view_model.xds_b.DocumentConsumerVM.SelectQueryType(DocumentConsumerVM.java:136)] : GetFolders
2013-09-30 09:27:07[INFO] [com.gaduo.zk.view_model.xds_b.DocumentConsumerVM.SelectQueryType(DocumentConsumerVM.java:136)] : GetFolderAndContents
2013-09-30 09:28:07[INFO] [com.gaduo.zk.view_model.xds_b.DocumentConsumerVM.SelectQueryType(DocumentConsumerVM.java:136)] : FindSubmissionSets
2013-09-30 09:28:14[INFO] [com.gaduo.zk.view_model.xds_b.DocumentConsumerVM.SelectQueryType(DocumentConsumerVM.java:136)] : GetFolderAndContents
2013-09-30 09:28:37[INFO] [com.gaduo.zk.view_model.xds_b.DocumentConsumerVM.SelectQueryType(DocumentConsumerVM.java:136)] : GetFoldersForDocument
2013-09-30 09:28:43[INFO] [com.gaduo.zk.view_model.xds_b.DocumentConsumerVM.SelectQueryType(DocumentConsumerVM.java:136)] : GetSubmissionSets
2013-09-30 09:28:48[INFO] [com.gaduo.zk.view_model.xds_b.DocumentConsumerVM.SelectQueryType(DocumentConsumerVM.java:136)] : GetFoldersForDocument
2013-09-30 09:29:50[INFO] [com.gaduo.zk.view_model.xds_b.DocumentConsumerVM.SelectQueryType(DocumentConsumerVM.java:136)] : GetSubmissionSets
2013-09-30 09:29:54[INFO] [com.gaduo.zk.view_model.xds_b.DocumentConsumerVM.SelectQueryType(DocumentConsumerVM.java:136)] : GetSubmissionsetAndContents
2013-09-30 09:30:06[INFO] [com.gaduo.zk.view_model.xds_b.DocumentConsumerVM.SelectQueryType(DocumentConsumerVM.java:136)] : GetAssociations
2013-09-30 09:30:10[INFO] [com.gaduo.zk.view_model.xds_b.DocumentConsumerVM.SelectQueryType(DocumentConsumerVM.java:136)] : GetRelatedDocuments
2013-09-30 09:30:22[INFO] [com.gaduo.zk.view_model.xds_b.DocumentConsumerVM.SelectQueryType(DocumentConsumerVM.java:136)] : GetDocumentsAndAssociations
2013-09-30 09:30:28[INFO] [com.gaduo.zk.view_model.xds_b.DocumentConsumerVM.SelectQueryType(DocumentConsumerVM.java:136)] : GetSubmissionsetAndContents
